C:\Users\adritest\Desktop\stacksync-shell-extension\windows\LiferayNativityShellExtensions\LiferayNativityUtil\Release\x64\cl.command.1.tlog
C:\Users\adritest\Desktop\stacksync-shell-extension\windows\LiferayNativityShellExtensions\LiferayNativityUtil\Release\x64\CL.read.1.tlog
C:\Users\adritest\Desktop\stacksync-shell-extension\windows\LiferayNativityShellExtensions\LiferayNativityUtil\Release\x64\CL.write.1.tlog
C:\USERS\ADRITEST\DESKTOP\STACKSYNC-SHELL-EXTENSION\WINDOWS\LIFERAYNATIVITYSHELLEXTENSIONS\LIFERAYNATIVITYUTIL\RELEASE\X64\COMMUNICATIONSOCKET.OBJ
C:\USERS\ADRITEST\DESKTOP\STACKSYNC-SHELL-EXTENSION\WINDOWS\LIFERAYNATIVITYSHELLEXTENSIONS\LIFERAYNATIVITYUTIL\RELEASE\X64\FILEUTIL.OBJ
C:\Users\adritest\Desktop\stacksync-shell-extension\windows\LiferayNativityShellExtensions\LiferayNativityUtil\Release\x64\LiferayNativityUtil.write.1.tlog
C:\USERS\ADRITEST\DESKTOP\STACKSYNC-SHELL-EXTENSION\WINDOWS\LIFERAYNATIVITYSHELLEXTENSIONS\LIFERAYNATIVITYUTIL\RELEASE\X64\LIFERAYNATIVITYUTIL_X64.DLL.INTERMEDIATE.MANIFEST
C:\Users\adritest\Desktop\stacksync-shell-extension\windows\LiferayNativityShellExtensions\LiferayNativityUtil\Release\x64\link.command.1.tlog
C:\Users\adritest\Desktop\stacksync-shell-extension\windows\LiferayNativityShellExtensions\LiferayNativityUtil\Release\x64\link.read.1.tlog
C:\Users\adritest\Desktop\stacksync-shell-extension\windows\LiferayNativityShellExtensions\LiferayNativityUtil\Release\x64\link.write.1.tlog
C:\Users\adritest\Desktop\stacksync-shell-extension\windows\LiferayNativityShellExtensions\LiferayNativityUtil\Release\x64\mt.command.1.tlog
C:\Users\adritest\Desktop\stacksync-shell-extension\windows\LiferayNativityShellExtensions\LiferayNativityUtil\Release\x64\mt.read.1.tlog
C:\Users\adritest\Desktop\stacksync-shell-extension\windows\LiferayNativityShellExtensions\LiferayNativityUtil\Release\x64\mt.write.1.tlog
C:\USERS\ADRITEST\DESKTOP\STACKSYNC-SHELL-EXTENSION\WINDOWS\LIFERAYNATIVITYSHELLEXTENSIONS\LIFERAYNATIVITYUTIL\RELEASE\X64\NATIVITYMESSAGE.OBJ
C:\USERS\ADRITEST\DESKTOP\STACKSYNC-SHELL-EXTENSION\WINDOWS\LIFERAYNATIVITYSHELLEXTENSIONS\LIFERAYNATIVITYUTIL\RELEASE\X64\PARSERUTIL.OBJ
C:\USERS\ADRITEST\DESKTOP\STACKSYNC-SHELL-EXTENSION\WINDOWS\LIFERAYNATIVITYSHELLEXTENSIONS\LIFERAYNATIVITYUTIL\RELEASE\X64\REGISTRYUTIL.OBJ
C:\USERS\ADRITEST\DESKTOP\STACKSYNC-SHELL-EXTENSION\WINDOWS\LIFERAYNATIVITYSHELLEXTENSIONS\LIFERAYNATIVITYUTIL\RELEASE\X64\VCWINDOWS7.1SDK.PDB
C:\USERS\ADRITEST\DESKTOP\STACKSYNC-SHELL-EXTENSION\WINDOWS\LIFERAYNATIVITYSHELLEXTENSIONS\RELEASE\X64\LIFERAYNATIVITYUTIL_X64.DLL
C:\Users\adritest\Desktop\stacksync-shell-extension\windows\LiferayNativityShellExtensions\Release\x64\LiferayNativityUtil_x64.exp
C:\Users\adritest\Desktop\stacksync-shell-extension\windows\LiferayNativityShellExtensions\Release\x64\LiferayNativityUtil_x64.lib
C:\USERS\ADRITEST\DESKTOP\STACKSYNC-SHELL-EXTENSION\WINDOWS\LIFERAYNATIVITYSHELLEXTENSIONS\RELEASE\X64\LIFERAYNATIVITYUTIL_X64.PDB
