Build started 9/12/2013 5:55:24 AM.
Project "C:\Users\adritest\Desktop\stacksync-shell-extension\windows\LiferayNativityShellExtensions\LiferayNativityContextMenus\LiferayNativityContextMenus.vcxproj" on node 2 (build target(s)).
InitializeBuildStatus:
  Creating "Release\x64\LiferayNativityContextMenus.unsuccessfulbuild" because "AlwaysCreate" was specified.
ClCompile:
  C:\Program Files\Microsoft Visual Studio 10.0\VC\bin\x86_amd64\CL.exe /c /I..\LiferayNativityUtil /Zi /nologo /W3 /WX- /O2 /Oi /GL /D _WINDLL /D _UNICODE /D UNICODE /Gm- /EHsc /MD /GS /Gy /fp:precise /Zc:wchar_t /Zc:forScope /Fo"Release\x64\\" /Fd"Release\x64\vcWindows7.1SDK.pdb" /Gd /TP /errorReport:prompt ContextMenuAction.cpp ContextMenuFactory.cpp ContextMenuItem.cpp ContextMenuUtil.cpp DllMain.cpp LiferayNativityContextMenus.cpp NativityContextMenuRegistrationHandler.cpp
  ContextMenuAction.cpp
  ContextMenuFactory.cpp
  ContextMenuItem.cpp
  ContextMenuUtil.cpp
  DllMain.cpp
  LiferayNativityContextMenus.cpp
  NativityContextMenuRegistrationHandler.cpp
Link:
  C:\Program Files\Microsoft Visual Studio 10.0\VC\bin\x86_amd64\link.exe /ERRORREPORT:PROMPT /OUT:"C:\Users\adritest\Desktop\stacksync-shell-extension\windows\LiferayNativityShellExtensions\Release\x64\LiferayNativityContextMenus_x64.dll" /NOLOGO /LIBPATH:..\Release\x64 LiferayNativityUtil_x64.lib kernel32.lib user32.lib gdi32.lib winspool.lib comdlg32.lib advapi32.lib shell32.lib ole32.lib oleaut32.lib uuid.lib odbc32.lib odbccp32.lib /DEF:"LiferayNativityContextMenu.def" /MANIFEST /ManifestFile:"Release\x64\LiferayNativityContextMenus_x64.dll.intermediate.manifest" /MANIFESTUAC:"level='asInvoker' uiAccess='false'" /DEBUG /PDB:"C:\Users\adritest\Desktop\stacksync-shell-extension\windows\LiferayNativityShellExtensions\Release\x64\LiferayNativityContextMenus_x64.pdb" /OPT:REF /OPT:ICF /LTCG /TLBID:1 /DYNAMICBASE /NXCOMPAT /IMPLIB:"C:\Users\adritest\Desktop\stacksync-shell-extension\windows\LiferayNativityShellExtensions\Release\x64\LiferayNativityContextMenus_x64.lib" /MACHINE:X64 /DLL Release\x64\ContextMenuAction.obj
  Release\x64\ContextMenuFactory.obj
  Release\x64\ContextMenuItem.obj
  Release\x64\ContextMenuUtil.obj
  Release\x64\DllMain.obj
  Release\x64\LiferayNativityContextMenus.obj
  Release\x64\NativityContextMenuRegistrationHandler.obj
     Creating library C:\Users\adritest\Desktop\stacksync-shell-extension\windows\LiferayNativityShellExtensions\Release\x64\LiferayNativityContextMenus_x64.lib and object C:\Users\adritest\Desktop\stacksync-shell-extension\windows\LiferayNativityShellExtensions\Release\x64\LiferayNativityContextMenus_x64.exp
  Generating code
  Finished generating code
  LiferayNativityContextMenus.vcxproj -> C:\Users\adritest\Desktop\stacksync-shell-extension\windows\LiferayNativityShellExtensions\Release\x64\LiferayNativityContextMenus_x64.dll
Manifest:
  C:\Program Files\Microsoft SDKs\Windows\v7.1\bin\mt.exe /nologo /verbose /outputresource:"C:\Users\adritest\Desktop\stacksync-shell-extension\windows\LiferayNativityShellExtensions\Release\x64\LiferayNativityContextMenus_x64.dll;#2" /manifest Release\x64\LiferayNativityContextMenus_x64.dll.intermediate.manifest
FinalizeBuildStatus:
  Deleting file "Release\x64\LiferayNativityContextMenus.unsuccessfulbuild".
  Touching "Release\x64\LiferayNativityContextMenus.lastbuildstate".
Done Building Project "C:\Users\adritest\Desktop\stacksync-shell-extension\windows\LiferayNativityShellExtensions\LiferayNativityContextMenus\LiferayNativityContextMenus.vcxproj" (build target(s)).

Build succeeded.

Time Elapsed 00:00:04.46
