C:\Users\adritest\Desktop\stacksync-shell-extension\windows\LiferayNativityShellExtensions\LiferayNativityExtensionServer\Release\Win32\cl.command.1.tlog
C:\Users\adritest\Desktop\stacksync-shell-extension\windows\LiferayNativityShellExtensions\LiferayNativityExtensionServer\Release\Win32\CL.read.1.tlog
C:\Users\adritest\Desktop\stacksync-shell-extension\windows\LiferayNativityShellExtensions\LiferayNativityExtensionServer\Release\Win32\CL.write.1.tlog
C:\USERS\ADRITEST\DESKTOP\STACKSYNC-SHELL-EXTENSION\WINDOWS\LIFERAYNATIVITYSHELLEXTENSIONS\LIFERAYNATIVITYEXTENSIONSERVER\RELEASE\WIN32\LIFERAYNATIVITYEXTENSIONMAIN.OBJ
C:\Users\adritest\Desktop\stacksync-shell-extension\windows\LiferayNativityShellExtensions\LiferayNativityExtensionServer\Release\Win32\LiferayNativityExtensionServer.write.1.tlog
C:\USERS\ADRITEST\DESKTOP\STACKSYNC-SHELL-EXTENSION\WINDOWS\LIFERAYNATIVITYSHELLEXTENSIONS\LIFERAYNATIVITYEXTENSIONSERVER\RELEASE\WIN32\LIFERAYNATIVITYEXTENSIONSERVER_X86.EXE.INTERMEDIATE.MANIFEST
C:\USERS\ADRITEST\DESKTOP\STACKSYNC-SHELL-EXTENSION\WINDOWS\LIFERAYNATIVITYSHELLEXTENSIONS\LIFERAYNATIVITYEXTENSIONSERVER\RELEASE\WIN32\LIFERAYNATIVITYEXTENSIONSERVICE.OBJ
C:\Users\adritest\Desktop\stacksync-shell-extension\windows\LiferayNativityShellExtensions\LiferayNativityExtensionServer\Release\Win32\link.command.1.tlog
C:\Users\adritest\Desktop\stacksync-shell-extension\windows\LiferayNativityShellExtensions\LiferayNativityExtensionServer\Release\Win32\link.read.1.tlog
C:\Users\adritest\Desktop\stacksync-shell-extension\windows\LiferayNativityShellExtensions\LiferayNativityExtensionServer\Release\Win32\link.write.1.tlog
C:\Users\adritest\Desktop\stacksync-shell-extension\windows\LiferayNativityShellExtensions\LiferayNativityExtensionServer\Release\Win32\mt.command.1.tlog
C:\Users\adritest\Desktop\stacksync-shell-extension\windows\LiferayNativityShellExtensions\LiferayNativityExtensionServer\Release\Win32\mt.read.1.tlog
C:\Users\adritest\Desktop\stacksync-shell-extension\windows\LiferayNativityShellExtensions\LiferayNativityExtensionServer\Release\Win32\mt.write.1.tlog
C:\USERS\ADRITEST\DESKTOP\STACKSYNC-SHELL-EXTENSION\WINDOWS\LIFERAYNATIVITYSHELLEXTENSIONS\LIFERAYNATIVITYEXTENSIONSERVER\RELEASE\WIN32\SERVICEBASE.OBJ
C:\USERS\ADRITEST\DESKTOP\STACKSYNC-SHELL-EXTENSION\WINDOWS\LIFERAYNATIVITYSHELLEXTENSIONS\LIFERAYNATIVITYEXTENSIONSERVER\RELEASE\WIN32\SERVICEINSTALLER.OBJ
C:\USERS\ADRITEST\DESKTOP\STACKSYNC-SHELL-EXTENSION\WINDOWS\LIFERAYNATIVITYSHELLEXTENSIONS\LIFERAYNATIVITYEXTENSIONSERVER\RELEASE\WIN32\SERVICEWORKER.OBJ
C:\USERS\ADRITEST\DESKTOP\STACKSYNC-SHELL-EXTENSION\WINDOWS\LIFERAYNATIVITYSHELLEXTENSIONS\LIFERAYNATIVITYEXTENSIONSERVER\RELEASE\WIN32\VC100.PDB
C:\USERS\ADRITEST\DESKTOP\STACKSYNC-SHELL-EXTENSION\WINDOWS\LIFERAYNATIVITYSHELLEXTENSIONS\RELEASE\WIN32\LIFERAYNATIVITYEXTENSIONSERVER_X86.EXE
C:\Users\adritest\Desktop\stacksync-shell-extension\windows\LiferayNativityShellExtensions\Release\Win32\LiferayNativityExtensionServer_x86.exp
C:\Users\adritest\Desktop\stacksync-shell-extension\windows\LiferayNativityShellExtensions\Release\Win32\LiferayNativityExtensionServer_x86.lib
C:\USERS\ADRITEST\DESKTOP\STACKSYNC-SHELL-EXTENSION\WINDOWS\LIFERAYNATIVITYSHELLEXTENSIONS\RELEASE\WIN32\LIFERAYNATIVITYEXTENSIONSERVER_X86.PDB
