C:\Users\adritest\Desktop\stacksync-shell-extension\windows\LiferayNativityShellExtensions\LiferayNativityOverlays\Release\x64\cl.command.1.tlog
C:\Users\adritest\Desktop\stacksync-shell-extension\windows\LiferayNativityShellExtensions\LiferayNativityOverlays\Release\x64\CL.read.1.tlog
C:\Users\adritest\Desktop\stacksync-shell-extension\windows\LiferayNativityShellExtensions\LiferayNativityOverlays\Release\x64\CL.write.1.tlog
C:\USERS\ADRITEST\DESKTOP\STACKSYNC-SHELL-EXTENSION\WINDOWS\LIFERAYNATIVITYSHELLEXTENSIONS\LIFERAYNATIVITYOVERLAYS\RELEASE\X64\DLLMAIN.OBJ
C:\USERS\ADRITEST\DESKTOP\STACKSYNC-SHELL-EXTENSION\WINDOWS\LIFERAYNATIVITYSHELLEXTENSIONS\LIFERAYNATIVITYOVERLAYS\RELEASE\X64\LIFERAYNATIVITYOVERLAY.OBJ
C:\Users\adritest\Desktop\stacksync-shell-extension\windows\LiferayNativityShellExtensions\LiferayNativityOverlays\Release\x64\LiferayNativityOverlays.write.1.tlog
C:\USERS\ADRITEST\DESKTOP\STACKSYNC-SHELL-EXTENSION\WINDOWS\LIFERAYNATIVITYSHELLEXTENSIONS\LIFERAYNATIVITYOVERLAYS\RELEASE\X64\LIFERAYNATIVITYOVERLAYS_X64.DLL.INTERMEDIATE.MANIFEST
C:\Users\adritest\Desktop\stacksync-shell-extension\windows\LiferayNativityShellExtensions\LiferayNativityOverlays\Release\x64\link.command.1.tlog
C:\Users\adritest\Desktop\stacksync-shell-extension\windows\LiferayNativityShellExtensions\LiferayNativityOverlays\Release\x64\link.read.1.tlog
C:\Users\adritest\Desktop\stacksync-shell-extension\windows\LiferayNativityShellExtensions\LiferayNativityOverlays\Release\x64\link.write.1.tlog
C:\Users\adritest\Desktop\stacksync-shell-extension\windows\LiferayNativityShellExtensions\LiferayNativityOverlays\Release\x64\link-cvtres.read.1.tlog
C:\Users\adritest\Desktop\stacksync-shell-extension\windows\LiferayNativityShellExtensions\LiferayNativityOverlays\Release\x64\link-cvtres.write.1.tlog
C:\Users\adritest\Desktop\stacksync-shell-extension\windows\LiferayNativityShellExtensions\LiferayNativityOverlays\Release\x64\mt.command.1.tlog
C:\Users\adritest\Desktop\stacksync-shell-extension\windows\LiferayNativityShellExtensions\LiferayNativityOverlays\Release\x64\mt.read.1.tlog
C:\Users\adritest\Desktop\stacksync-shell-extension\windows\LiferayNativityShellExtensions\LiferayNativityOverlays\Release\x64\mt.write.1.tlog
C:\USERS\ADRITEST\DESKTOP\STACKSYNC-SHELL-EXTENSION\WINDOWS\LIFERAYNATIVITYSHELLEXTENSIONS\LIFERAYNATIVITYOVERLAYS\RELEASE\X64\NATIVITYOVERLAY.RES
C:\USERS\ADRITEST\DESKTOP\STACKSYNC-SHELL-EXTENSION\WINDOWS\LIFERAYNATIVITYSHELLEXTENSIONS\LIFERAYNATIVITYOVERLAYS\RELEASE\X64\NATIVITYOVERLAYFACTORY.OBJ
C:\USERS\ADRITEST\DESKTOP\STACKSYNC-SHELL-EXTENSION\WINDOWS\LIFERAYNATIVITYSHELLEXTENSIONS\LIFERAYNATIVITYOVERLAYS\RELEASE\X64\NATIVITYOVERLAYREGISTRATIONHANDLER.OBJ
C:\Users\adritest\Desktop\stacksync-shell-extension\windows\LiferayNativityShellExtensions\LiferayNativityOverlays\Release\x64\rc.command.1.tlog
C:\Users\adritest\Desktop\stacksync-shell-extension\windows\LiferayNativityShellExtensions\LiferayNativityOverlays\Release\x64\rc.read.1.tlog
C:\Users\adritest\Desktop\stacksync-shell-extension\windows\LiferayNativityShellExtensions\LiferayNativityOverlays\Release\x64\rc.write.1.tlog
C:\USERS\ADRITEST\DESKTOP\STACKSYNC-SHELL-EXTENSION\WINDOWS\LIFERAYNATIVITYSHELLEXTENSIONS\LIFERAYNATIVITYOVERLAYS\RELEASE\X64\VCWINDOWS7.1SDK.PDB
C:\USERS\ADRITEST\DESKTOP\STACKSYNC-SHELL-EXTENSION\WINDOWS\LIFERAYNATIVITYSHELLEXTENSIONS\RELEASE\X64\LIFERAYNATIVITYOVERLAYS_X64.DLL
C:\Users\adritest\Desktop\stacksync-shell-extension\windows\LiferayNativityShellExtensions\Release\x64\LiferayNativityOverlays_x64.exp
C:\Users\adritest\Desktop\stacksync-shell-extension\windows\LiferayNativityShellExtensions\Release\x64\LiferayNativityOverlays_x64.lib
C:\USERS\ADRITEST\DESKTOP\STACKSYNC-SHELL-EXTENSION\WINDOWS\LIFERAYNATIVITYSHELLEXTENSIONS\RELEASE\X64\LIFERAYNATIVITYOVERLAYS_X64.PDB
