C:\Users\adritest\Desktop\stacksync-shell-extension\windows\LiferayNativityShellExtensions\LiferayNativityContextMenus\Release\Win32\cl.command.1.tlog
C:\Users\adritest\Desktop\stacksync-shell-extension\windows\LiferayNativityShellExtensions\LiferayNativityContextMenus\Release\Win32\CL.read.1.tlog
C:\Users\adritest\Desktop\stacksync-shell-extension\windows\LiferayNativityShellExtensions\LiferayNativityContextMenus\Release\Win32\CL.write.1.tlog
C:\USERS\ADRITEST\DESKTOP\STACKSYNC-SHELL-EXTENSION\WINDOWS\LIFERAYNATIVITYSHELLEXTENSIONS\LIFERAYNATIVITYCONTEXTMENUS\RELEASE\WIN32\CONTEXTMENUACTION.OBJ
C:\USERS\ADRITEST\DESKTOP\STACKSYNC-SHELL-EXTENSION\WINDOWS\LIFERAYNATIVITYSHELLEXTENSIONS\LIFERAYNATIVITYCONTEXTMENUS\RELEASE\WIN32\CONTEXTMENUFACTORY.OBJ
C:\USERS\ADRITEST\DESKTOP\STACKSYNC-SHELL-EXTENSION\WINDOWS\LIFERAYNATIVITYSHELLEXTENSIONS\LIFERAYNATIVITYCONTEXTMENUS\RELEASE\WIN32\CONTEXTMENUITEM.OBJ
C:\USERS\ADRITEST\DESKTOP\STACKSYNC-SHELL-EXTENSION\WINDOWS\LIFERAYNATIVITYSHELLEXTENSIONS\LIFERAYNATIVITYCONTEXTMENUS\RELEASE\WIN32\CONTEXTMENUUTIL.OBJ
C:\USERS\ADRITEST\DESKTOP\STACKSYNC-SHELL-EXTENSION\WINDOWS\LIFERAYNATIVITYSHELLEXTENSIONS\LIFERAYNATIVITYCONTEXTMENUS\RELEASE\WIN32\DLLMAIN.OBJ
C:\USERS\ADRITEST\DESKTOP\STACKSYNC-SHELL-EXTENSION\WINDOWS\LIFERAYNATIVITYSHELLEXTENSIONS\LIFERAYNATIVITYCONTEXTMENUS\RELEASE\WIN32\LIFERAYNATIVITYCONTEXTMENUS.OBJ
C:\Users\adritest\Desktop\stacksync-shell-extension\windows\LiferayNativityShellExtensions\LiferayNativityContextMenus\Release\Win32\LiferayNativityContextMenus.write.1.tlog
C:\USERS\ADRITEST\DESKTOP\STACKSYNC-SHELL-EXTENSION\WINDOWS\LIFERAYNATIVITYSHELLEXTENSIONS\LIFERAYNATIVITYCONTEXTMENUS\RELEASE\WIN32\LIFERAYNATIVITYCONTEXTMENUS_X86.DLL.INTERMEDIATE.MANIFEST
C:\Users\adritest\Desktop\stacksync-shell-extension\windows\LiferayNativityShellExtensions\LiferayNativityContextMenus\Release\Win32\link.command.1.tlog
C:\Users\adritest\Desktop\stacksync-shell-extension\windows\LiferayNativityShellExtensions\LiferayNativityContextMenus\Release\Win32\link.read.1.tlog
C:\Users\adritest\Desktop\stacksync-shell-extension\windows\LiferayNativityShellExtensions\LiferayNativityContextMenus\Release\Win32\link.write.1.tlog
C:\Users\adritest\Desktop\stacksync-shell-extension\windows\LiferayNativityShellExtensions\LiferayNativityContextMenus\Release\Win32\mt.command.1.tlog
C:\Users\adritest\Desktop\stacksync-shell-extension\windows\LiferayNativityShellExtensions\LiferayNativityContextMenus\Release\Win32\mt.read.1.tlog
C:\Users\adritest\Desktop\stacksync-shell-extension\windows\LiferayNativityShellExtensions\LiferayNativityContextMenus\Release\Win32\mt.write.1.tlog
C:\USERS\ADRITEST\DESKTOP\STACKSYNC-SHELL-EXTENSION\WINDOWS\LIFERAYNATIVITYSHELLEXTENSIONS\LIFERAYNATIVITYCONTEXTMENUS\RELEASE\WIN32\NATIVITYCONTEXTMENUREGISTRATIONHANDLER.OBJ
C:\USERS\ADRITEST\DESKTOP\STACKSYNC-SHELL-EXTENSION\WINDOWS\LIFERAYNATIVITYSHELLEXTENSIONS\LIFERAYNATIVITYCONTEXTMENUS\RELEASE\WIN32\VC100.PDB
C:\USERS\ADRITEST\DESKTOP\STACKSYNC-SHELL-EXTENSION\WINDOWS\LIFERAYNATIVITYSHELLEXTENSIONS\RELEASE\WIN32\LIFERAYNATIVITYCONTEXTMENUS_X86.DLL
C:\Users\adritest\Desktop\stacksync-shell-extension\windows\LiferayNativityShellExtensions\Release\Win32\LiferayNativityContextMenus_x86.exp
C:\Users\adritest\Desktop\stacksync-shell-extension\windows\LiferayNativityShellExtensions\Release\Win32\LiferayNativityContextMenus_x86.lib
C:\USERS\ADRITEST\DESKTOP\STACKSYNC-SHELL-EXTENSION\WINDOWS\LIFERAYNATIVITYSHELLEXTENSIONS\RELEASE\WIN32\LIFERAYNATIVITYCONTEXTMENUS_X86.PDB
