C:\Users\adritest\Desktop\stacksync-shell-extension\windows\LiferayNativityShellExtensions\LiferayNativityUtil\Release\Win32\cl.command.1.tlog
C:\Users\adritest\Desktop\stacksync-shell-extension\windows\LiferayNativityShellExtensions\LiferayNativityUtil\Release\Win32\CL.read.1.tlog
C:\Users\adritest\Desktop\stacksync-shell-extension\windows\LiferayNativityShellExtensions\LiferayNativityUtil\Release\Win32\CL.write.1.tlog
C:\USERS\ADRITEST\DESKTOP\STACKSYNC-SHELL-EXTENSION\WINDOWS\LIFERAYNATIVITYSHELLEXTENSIONS\LIFERAYNATIVITYUTIL\RELEASE\WIN32\COMMUNICATIONSOCKET.OBJ
C:\USERS\ADRITEST\DESKTOP\STACKSYNC-SHELL-EXTENSION\WINDOWS\LIFERAYNATIVITYSHELLEXTENSIONS\LIFERAYNATIVITYUTIL\RELEASE\WIN32\FILEUTIL.OBJ
C:\Users\adritest\Desktop\stacksync-shell-extension\windows\LiferayNativityShellExtensions\LiferayNativityUtil\Release\Win32\LiferayNativityUtil.write.1.tlog
C:\USERS\ADRITEST\DESKTOP\STACKSYNC-SHELL-EXTENSION\WINDOWS\LIFERAYNATIVITYSHELLEXTENSIONS\LIFERAYNATIVITYUTIL\RELEASE\WIN32\LIFERAYNATIVITYUTIL_X86.DLL.INTERMEDIATE.MANIFEST
C:\Users\adritest\Desktop\stacksync-shell-extension\windows\LiferayNativityShellExtensions\LiferayNativityUtil\Release\Win32\link.command.1.tlog
C:\Users\adritest\Desktop\stacksync-shell-extension\windows\LiferayNativityShellExtensions\LiferayNativityUtil\Release\Win32\link.read.1.tlog
C:\Users\adritest\Desktop\stacksync-shell-extension\windows\LiferayNativityShellExtensions\LiferayNativityUtil\Release\Win32\link.write.1.tlog
C:\Users\adritest\Desktop\stacksync-shell-extension\windows\LiferayNativityShellExtensions\LiferayNativityUtil\Release\Win32\mt.command.1.tlog
C:\Users\adritest\Desktop\stacksync-shell-extension\windows\LiferayNativityShellExtensions\LiferayNativityUtil\Release\Win32\mt.read.1.tlog
C:\Users\adritest\Desktop\stacksync-shell-extension\windows\LiferayNativityShellExtensions\LiferayNativityUtil\Release\Win32\mt.write.1.tlog
C:\USERS\ADRITEST\DESKTOP\STACKSYNC-SHELL-EXTENSION\WINDOWS\LIFERAYNATIVITYSHELLEXTENSIONS\LIFERAYNATIVITYUTIL\RELEASE\WIN32\NATIVITYMESSAGE.OBJ
C:\USERS\ADRITEST\DESKTOP\STACKSYNC-SHELL-EXTENSION\WINDOWS\LIFERAYNATIVITYSHELLEXTENSIONS\LIFERAYNATIVITYUTIL\RELEASE\WIN32\PARSERUTIL.OBJ
C:\USERS\ADRITEST\DESKTOP\STACKSYNC-SHELL-EXTENSION\WINDOWS\LIFERAYNATIVITYSHELLEXTENSIONS\LIFERAYNATIVITYUTIL\RELEASE\WIN32\REGISTRYUTIL.OBJ
C:\USERS\ADRITEST\DESKTOP\STACKSYNC-SHELL-EXTENSION\WINDOWS\LIFERAYNATIVITYSHELLEXTENSIONS\LIFERAYNATIVITYUTIL\RELEASE\WIN32\VC100.PDB
C:\USERS\ADRITEST\DESKTOP\STACKSYNC-SHELL-EXTENSION\WINDOWS\LIFERAYNATIVITYSHELLEXTENSIONS\RELEASE\WIN32\LIFERAYNATIVITYUTIL_X86.DLL
C:\Users\adritest\Desktop\stacksync-shell-extension\windows\LiferayNativityShellExtensions\Release\Win32\LiferayNativityUtil_x86.exp
C:\Users\adritest\Desktop\stacksync-shell-extension\windows\LiferayNativityShellExtensions\Release\Win32\LiferayNativityUtil_x86.lib
C:\USERS\ADRITEST\DESKTOP\STACKSYNC-SHELL-EXTENSION\WINDOWS\LIFERAYNATIVITYSHELLEXTENSIONS\RELEASE\WIN32\LIFERAYNATIVITYUTIL_X86.PDB
